<?xml version="1.0" encoding="UTF-8"?>
<testng-results skipped="0" failed="1" total="1" passed="0">
  <reporter-output>
    <line>
      <![CDATA[<font color='blue'>Tue Oct 10 11:40:05 CST 2017-- log: </font>]]>
    </line>
    <line>
      <![CDATA[<font color='green'>TestBaidu</font>]]>
    </line>
    <line>
      <![CDATA[<br>]]>
    </line>
    <line>
      <![CDATA[<font color='red'><-------------------Running Script: class hkdl.profile.TestBaidu-------------------></font>]]>
    </line>
    <line>
      <![CDATA[<br>]]>
    </line>
    <line>
      <![CDATA[<font color='blue'>Tue Oct 10 11:40:05 CST 2017-- log: </font>]]>
    </line>
    <line>
      <![CDATA[<font color='green'>Start ff browser...</font>]]>
    </line>
    <line>
      <![CDATA[<br>]]>
    </line>
    <line>
      <![CDATA[<font color='blue'>Tue Oct 10 11:40:05 CST 2017-- log: </font>]]>
    </line>
    <line>
      <![CDATA[<font color='green'>Environment:  https://www.baidu.com/</font>]]>
    </line>
    <line>
      <![CDATA[<br>]]>
    </line>
    <line>
      <![CDATA[<font color='blue'>Tue Oct 10 11:40:08 CST 2017-- log: </font>]]>
    </line>
    <line>
      <![CDATA[<font color='green'>Check url are available</font>]]>
    </line>
    <line>
      <![CDATA[<br>]]>
    </line>
    <line>
      <![CDATA[<font color='blue'>Tue Oct 10 11:40:08 CST 2017-- log: </font>]]>
    </line>
    <line>
      <![CDATA[<font color='green'>URL:https://www.baidu.com/</font>]]>
    </line>
    <line>
      <![CDATA[<br>]]>
    </line>
    <line>
      <![CDATA[<font color='blue'>Tue Oct 10 11:40:09 CST 2017-- log: </font>]]>
    </line>
    <line>
      <![CDATA[<font color='green'>Sleeping 5000ms</font>]]>
    </line>
    <line>
      <![CDATA[<br>]]>
    </line>
    <line>
      <![CDATA[<font color='blue'>Tue Oct 10 11:40:14 CST 2017-- log: </font>]]>
    </line>
    <line>
      <![CDATA[<font color='green'>Type: accenture to field: [[FirefoxDriver: firefox on MAC (c596ade5-7e91-2246-bc3f-f0729155aba6)] -> id: kw]</font>]]>
    </line>
    <line>
      <![CDATA[<br>]]>
    </line>
    <line>
      <![CDATA[<font color='blue'>Tue Oct 10 11:40:15 CST 2017-- log: </font>]]>
    </line>
    <line>
      <![CDATA[<font color='green'>size 1</font>]]>
    </line>
    <line>
      <![CDATA[<br>]]>
    </line>
    <line>
      <![CDATA[<font color='blue'>Tue Oct 10 11:40:15 CST 2017-- log: </font>]]>
    </line>
    <line>
      <![CDATA[<font color='green'>click [[FirefoxDriver: firefox on MAC (c596ade5-7e91-2246-bc3f-f0729155aba6)] -> id: su]</font>]]>
    </line>
    <line>
      <![CDATA[<br>]]>
    </line>
    <line>
      <![CDATA[<font color='blue'>Tue Oct 10 11:40:22 CST 2017-- log: </font>]]>
    </line>
    <line>
      <![CDATA[<font color='green'>get text://div[@class='nums']</font>]]>
    </line>
    <line>
      <![CDATA[<br>]]>
    </line>
    <line>
      <![CDATA[<font color='blue'>Tue Oct 10 11:40:22 CST 2017-- log: </font>]]>
    </line>
    <line>
      <![CDATA[<font color='green'>Text:搜索工具
百度为您找到相关结果约2,280,000个</font>]]>
    </line>
    <line>
      <![CDATA[<br>]]>
    </line>
    <line>
      <![CDATA[Cannot found key: baidu.search.result]]>
    </line>
    <line>
      <![CDATA[<font color='blue'>Tue Oct 10 11:40:23 CST 2017-- log: </font>]]>
    </line>
    <line>
      <![CDATA[<font color='red'>VerifyCopy expected:  Actually: 搜索工具
百度为您找到相关结果约2,280,000个</font>]]>
    </line>
    <line>
      <![CDATA[<br>]]>
    </line>
    <line>
      <![CDATA[<font color='blue'>Tue Oct 10 11:40:23 CST 2017-- log: </font>]]>
    </line>
    <line>
      <![CDATA[<font color='red'>Script Failed....</font>]]>
    </line>
    <line>
      <![CDATA[<br>]]>
    </line>
    <line>
      <![CDATA[<font color='blue'>Tue Oct 10 11:40:23 CST 2017-- log: </font>]]>
    </line>
    <line>
      <![CDATA[<font color='red'>Screen shot: Screenshot/TestBaidu/TueOct10114023CST2017.png</font>]]>
    </line>
    <line>
      <![CDATA[<br>]]>
    </line>
    <line>
      <![CDATA[<font color='blue'>Tue Oct 10 11:40:23 CST 2017-- log: </font>]]>
    </line>
    <line>
      <![CDATA[<font color='green'>Close Browser</font>]]>
    </line>
    <line>
      <![CDATA[<br>]]>
    </line>
    <line>
      <![CDATA[<font color='red'><-------------------End-------------------></font>]]>
    </line>
    <line>
      <![CDATA[<br>]]>
    </line>
  </reporter-output>
  <suite name="Default suite" duration-ms="18192" started-at="2017-10-10T03:40:05Z" finished-at="2017-10-10T03:40:24Z">
    <groups>
    </groups>
    <test name="Default test" duration-ms="18192" started-at="2017-10-10T03:40:05Z" finished-at="2017-10-10T03:40:24Z">
      <class name="hkdl.profile.TestBaidu">
        <test-method status="PASS" signature="setup()[pri:0, instance:hkdl.profile.TestBaidu@28feb3fa]" name="setup" is-config="true" duration-ms="8530" started-at="2017-10-10T11:40:05Z" finished-at="2017-10-10T11:40:14Z">
          <reporter-output>
            <line>
              <![CDATA[<font color='blue'>Tue Oct 10 11:40:05 CST 2017-- log: </font>]]>
            </line>
            <line>
              <![CDATA[<font color='green'>TestBaidu</font>]]>
            </line>
            <line>
              <![CDATA[<br>]]>
            </line>
            <line>
              <![CDATA[<font color='red'><-------------------Running Script: class hkdl.profile.TestBaidu-------------------></font>]]>
            </line>
            <line>
              <![CDATA[<br>]]>
            </line>
            <line>
              <![CDATA[<font color='blue'>Tue Oct 10 11:40:05 CST 2017-- log: </font>]]>
            </line>
            <line>
              <![CDATA[<font color='green'>Start ff browser...</font>]]>
            </line>
            <line>
              <![CDATA[<br>]]>
            </line>
            <line>
              <![CDATA[<font color='blue'>Tue Oct 10 11:40:05 CST 2017-- log: </font>]]>
            </line>
            <line>
              <![CDATA[<font color='green'>Environment:  https://www.baidu.com/</font>]]>
            </line>
            <line>
              <![CDATA[<br>]]>
            </line>
            <line>
              <![CDATA[<font color='blue'>Tue Oct 10 11:40:08 CST 2017-- log: </font>]]>
            </line>
            <line>
              <![CDATA[<font color='green'>Check url are available</font>]]>
            </line>
            <line>
              <![CDATA[<br>]]>
            </line>
            <line>
              <![CDATA[<font color='blue'>Tue Oct 10 11:40:08 CST 2017-- log: </font>]]>
            </line>
            <line>
              <![CDATA[<font color='green'>URL:https://www.baidu.com/</font>]]>
            </line>
            <line>
              <![CDATA[<br>]]>
            </line>
            <line>
              <![CDATA[<font color='blue'>Tue Oct 10 11:40:09 CST 2017-- log: </font>]]>
            </line>
            <line>
              <![CDATA[<font color='green'>Sleeping 5000ms</font>]]>
            </line>
            <line>
              <![CDATA[<br>]]>
            </line>
          </reporter-output>
        </test-method> <!-- setup -->
        <test-method status="FAIL" signature="demoTest()[pri:0, instance:hkdl.profile.TestBaidu@28feb3fa]" name="demoTest" duration-ms="9634" started-at="2017-10-10T11:40:14Z" finished-at="2017-10-10T11:40:24Z">
          <exception class="java.lang.AssertionError">
            <message>
              <![CDATA[expected:<> but was:<搜索工具
百度为您找到相关结果约2,280,000个>]]>
            </message>
            <full-stacktrace>
              <![CDATA[java.lang.AssertionError: expected:<> but was:<搜索工具
百度为您找到相关结果约2,280,000个>
	at org.testng.AssertJUnit.assertEquals(AssertJUnit.java:101)
	at org.testng.AssertJUnit.assertEquals(AssertJUnit.java:108)
	at Configuration.SeleniumTest.verifyCopy(SeleniumTest.java:1899)
	at hkdl.profile.TestBaidu.demoTest(TestBaidu.java:30)
	at sun.reflect.NativeMethodAccessorImpl.invoke0(Native Method)
	at sun.reflect.NativeMethodAccessorImpl.invoke(NativeMethodAccessorImpl.java:62)
	at sun.reflect.DelegatingMethodAccessorImpl.invoke(DelegatingMethodAccessorImpl.java:43)
	at java.lang.reflect.Method.invoke(Method.java:497)
	at org.testng.internal.MethodInvocationHelper.invokeMethod(MethodInvocationHelper.java:84)
	at org.testng.internal.Invoker.invokeMethod(Invoker.java:714)
	at org.testng.internal.Invoker.invokeTestMethod(Invoker.java:901)
	at org.testng.internal.Invoker.invokeTestMethods(Invoker.java:1231)
	at org.testng.internal.TestMethodWorker.invokeTestMethods(TestMethodWorker.java:127)
	at org.testng.internal.TestMethodWorker.run(TestMethodWorker.java:111)
	at org.testng.TestRunner.privateRun(TestRunner.java:767)
	at org.testng.TestRunner.run(TestRunner.java:617)
	at org.testng.SuiteRunner.runTest(SuiteRunner.java:334)
	at org.testng.SuiteRunner.runSequentially(SuiteRunner.java:329)
	at org.testng.SuiteRunner.privateRun(SuiteRunner.java:291)
	at org.testng.SuiteRunner.run(SuiteRunner.java:240)
	at org.testng.SuiteRunnerWorker.runSuite(SuiteRunnerWorker.java:52)
	at org.testng.SuiteRunnerWorker.run(SuiteRunnerWorker.java:86)
	at org.testng.TestNG.runSuitesSequentially(TestNG.java:1224)
	at org.testng.TestNG.runSuitesLocally(TestNG.java:1149)
	at org.testng.TestNG.run(TestNG.java:1057)
	at org.testng.remote.AbstractRemoteTestNG.run(AbstractRemoteTestNG.java:132)
	at org.testng.remote.RemoteTestNG.initAndRun(RemoteTestNG.java:236)
	at org.testng.remote.RemoteTestNG.main(RemoteTestNG.java:81)
]]>
            </full-stacktrace>
          </exception> <!-- java.lang.AssertionError -->
          <reporter-output>
            <line>
              <![CDATA[<font color='blue'>Tue Oct 10 11:40:14 CST 2017-- log: </font>]]>
            </line>
            <line>
              <![CDATA[<font color='green'>Type: accenture to field: [[FirefoxDriver: firefox on MAC (c596ade5-7e91-2246-bc3f-f0729155aba6)] -> id: kw]</font>]]>
            </line>
            <line>
              <![CDATA[<br>]]>
            </line>
            <line>
              <![CDATA[<font color='blue'>Tue Oct 10 11:40:15 CST 2017-- log: </font>]]>
            </line>
            <line>
              <![CDATA[<font color='green'>size 1</font>]]>
            </line>
            <line>
              <![CDATA[<br>]]>
            </line>
            <line>
              <![CDATA[<font color='blue'>Tue Oct 10 11:40:15 CST 2017-- log: </font>]]>
            </line>
            <line>
              <![CDATA[<font color='green'>click [[FirefoxDriver: firefox on MAC (c596ade5-7e91-2246-bc3f-f0729155aba6)] -> id: su]</font>]]>
            </line>
            <line>
              <![CDATA[<br>]]>
            </line>
            <line>
              <![CDATA[<font color='blue'>Tue Oct 10 11:40:22 CST 2017-- log: </font>]]>
            </line>
            <line>
              <![CDATA[<font color='green'>get text://div[@class='nums']</font>]]>
            </line>
            <line>
              <![CDATA[<br>]]>
            </line>
            <line>
              <![CDATA[<font color='blue'>Tue Oct 10 11:40:22 CST 2017-- log: </font>]]>
            </line>
            <line>
              <![CDATA[<font color='green'>Text:搜索工具
百度为您找到相关结果约2,280,000个</font>]]>
            </line>
            <line>
              <![CDATA[<br>]]>
            </line>
            <line>
              <![CDATA[Cannot found key: baidu.search.result]]>
            </line>
            <line>
              <![CDATA[<font color='blue'>Tue Oct 10 11:40:23 CST 2017-- log: </font>]]>
            </line>
            <line>
              <![CDATA[<font color='red'>VerifyCopy expected:  Actually: 搜索工具
百度为您找到相关结果约2,280,000个</font>]]>
            </line>
            <line>
              <![CDATA[<br>]]>
            </line>
            <line>
              <![CDATA[<font color='blue'>Tue Oct 10 11:40:23 CST 2017-- log: </font>]]>
            </line>
            <line>
              <![CDATA[<font color='red'>Script Failed....</font>]]>
            </line>
            <line>
              <![CDATA[<br>]]>
            </line>
            <line>
              <![CDATA[<font color='blue'>Tue Oct 10 11:40:23 CST 2017-- log: </font>]]>
            </line>
            <line>
              <![CDATA[<font color='red'>Screen shot: Screenshot/TestBaidu/TueOct10114023CST2017.png</font>]]>
            </line>
            <line>
              <![CDATA[<br>]]>
            </line>
            <line>
              <![CDATA[<font color='blue'>Tue Oct 10 11:40:23 CST 2017-- log: </font>]]>
            </line>
            <line>
              <![CDATA[<font color='green'>Close Browser</font>]]>
            </line>
            <line>
              <![CDATA[<br>]]>
            </line>
            <line>
              <![CDATA[<font color='red'><-------------------End-------------------></font>]]>
            </line>
            <line>
              <![CDATA[<br>]]>
            </line>
          </reporter-output>
        </test-method> <!-- demoTest -->
        <test-method status="PASS" signature="end()[pri:0, instance:hkdl.profile.TestBaidu@28feb3fa]" name="end" is-config="true" duration-ms="13" started-at="2017-10-10T11:40:24Z" finished-at="2017-10-10T11:40:24Z">
          <reporter-output>
          </reporter-output>
        </test-method> <!-- end -->
      </class> <!-- hkdl.profile.TestBaidu -->
    </test> <!-- Default test -->
  </suite> <!-- Default suite -->
</testng-results>
