<?xml version="1.0" encoding="UTF-8"?>
<testng-results skipped="0" failed="0" total="1" passed="1">
  <reporter-output>
    <line>
      <![CDATA[<font color='blue'>Tue Oct 10 14:34:12 CST 2017-- log: </font>]]>
    </line>
    <line>
      <![CDATA[<font color='green'>TestBaidu</font>]]>
    </line>
    <line>
      <![CDATA[<br>]]>
    </line>
    <line>
      <![CDATA[<font color='red'><-------------------Running Script: class testcase.main.TestBaidu-------------------></font>]]>
    </line>
    <line>
      <![CDATA[<br>]]>
    </line>
    <line>
      <![CDATA[<font color='blue'>Tue Oct 10 14:34:12 CST 2017-- log: </font>]]>
    </line>
    <line>
      <![CDATA[<font color='green'>Start ff browser...</font>]]>
    </line>
    <line>
      <![CDATA[<br>]]>
    </line>
    <line>
      <![CDATA[<font color='blue'>Tue Oct 10 14:34:12 CST 2017-- log: </font>]]>
    </line>
    <line>
      <![CDATA[<font color='green'>Environment:  https://www.baidu.com/</font>]]>
    </line>
    <line>
      <![CDATA[<br>]]>
    </line>
    <line>
      <![CDATA[<font color='blue'>Tue Oct 10 14:34:14 CST 2017-- log: </font>]]>
    </line>
    <line>
      <![CDATA[<font color='green'>Check url are available</font>]]>
    </line>
    <line>
      <![CDATA[<br>]]>
    </line>
    <line>
      <![CDATA[<font color='blue'>Tue Oct 10 14:34:14 CST 2017-- log: </font>]]>
    </line>
    <line>
      <![CDATA[<font color='green'>URL:https://www.baidu.com/</font>]]>
    </line>
    <line>
      <![CDATA[<br>]]>
    </line>
    <line>
      <![CDATA[<font color='blue'>Tue Oct 10 14:34:15 CST 2017-- log: </font>]]>
    </line>
    <line>
      <![CDATA[<font color='green'>Sleeping 5000ms</font>]]>
    </line>
    <line>
      <![CDATA[<br>]]>
    </line>
    <line>
      <![CDATA[<font color='blue'>Tue Oct 10 14:34:20 CST 2017-- log: </font>]]>
    </line>
    <line>
      <![CDATA[<font color='green'>open https://www.baidu.com/</font>]]>
    </line>
    <line>
      <![CDATA[<br>]]>
    </line>
    <line>
      <![CDATA[<font color='blue'>Tue Oct 10 14:34:20 CST 2017-- log: </font>]]>
    </line>
    <line>
      <![CDATA[<font color='green'>Type: accenture to field: [[FirefoxDriver: firefox on MAC (8dd6fbcc-82ff-734e-ae86-4035fab5c546)] -> id: kw]</font>]]>
    </line>
    <line>
      <![CDATA[<br>]]>
    </line>
    <line>
      <![CDATA[<font color='blue'>Tue Oct 10 14:34:22 CST 2017-- log: </font>]]>
    </line>
    <line>
      <![CDATA[<font color='green'>size 1</font>]]>
    </line>
    <line>
      <![CDATA[<br>]]>
    </line>
    <line>
      <![CDATA[<font color='blue'>Tue Oct 10 14:34:22 CST 2017-- log: </font>]]>
    </line>
    <line>
      <![CDATA[<font color='green'>click [[FirefoxDriver: firefox on MAC (8dd6fbcc-82ff-734e-ae86-4035fab5c546)] -> id: su]</font>]]>
    </line>
    <line>
      <![CDATA[<br>]]>
    </line>
    <line>
      <![CDATA[<font color='blue'>Tue Oct 10 14:34:28 CST 2017-- log: </font>]]>
    </line>
    <line>
      <![CDATA[<font color='green'>get text://div[@class='nums']</font>]]>
    </line>
    <line>
      <![CDATA[<br>]]>
    </line>
    <line>
      <![CDATA[<font color='blue'>Tue Oct 10 14:34:28 CST 2017-- log: </font>]]>
    </line>
    <line>
      <![CDATA[<font color='green'>Text:搜索工具
百度为您找到相关结果约2,280,000个</font>]]>
    </line>
    <line>
      <![CDATA[<br>]]>
    </line>
    <line>
      <![CDATA[<font color='blue'>Tue Oct 10 14:34:29 CST 2017-- log: </font>]]>
    </line>
    <line>
      <![CDATA[<font color='red'>VerifyCopy expected: 搜索工具
百度为您找到相关结果约2,280,000个 Actually: 搜索工具
百度为您找到相关结果约2,280,000个</font>]]>
    </line>
    <line>
      <![CDATA[<br>]]>
    </line>
    <line>
      <![CDATA[<font color='blue'>Tue Oct 10 14:34:29 CST 2017-- log: </font>]]>
    </line>
    <line>
      <![CDATA[<font color='green'>get text://div[@class='nums']</font>]]>
    </line>
    <line>
      <![CDATA[<br>]]>
    </line>
    <line>
      <![CDATA[<font color='blue'>Tue Oct 10 14:34:29 CST 2017-- log: </font>]]>
    </line>
    <line>
      <![CDATA[<font color='green'>get text://div[@class='nums']</font>]]>
    </line>
    <line>
      <![CDATA[<br>]]>
    </line>
    <line>
      <![CDATA[<font color='blue'>Tue Oct 10 14:34:29 CST 2017-- log: </font>]]>
    </line>
    <line>
      <![CDATA[<font color='green'>Text:搜索工具
百度为您找到相关结果约2,280,000个</font>]]>
    </line>
    <line>
      <![CDATA[<br>]]>
    </line>
    <line>
      <![CDATA[<font color='blue'>Tue Oct 10 14:34:30 CST 2017-- log: </font>]]>
    </line>
    <line>
      <![CDATA[<font color='red'>AssertEquals Expected: 搜索工具
百度为您找到相关结果约2,280,000个 Actually: 搜索工具
百度为您找到相关结果约2,280,000个</font>]]>
    </line>
    <line>
      <![CDATA[<br>]]>
    </line>
    <line>
      <![CDATA[<font color='blue'>Tue Oct 10 14:34:30 CST 2017-- log: </font>]]>
    </line>
    <line>
      <![CDATA[<font color='green'>Close Browser</font>]]>
    </line>
    <line>
      <![CDATA[<br>]]>
    </line>
    <line>
      <![CDATA[<font color='red'><-------------------End-------------------></font>]]>
    </line>
    <line>
      <![CDATA[<br>]]>
    </line>
  </reporter-output>
  <suite name="Default suite" duration-ms="18192" started-at="2017-10-10T06:34:12Z" finished-at="2017-10-10T06:34:30Z">
    <groups>
    </groups>
    <test name="Default test" duration-ms="18192" started-at="2017-10-10T06:34:12Z" finished-at="2017-10-10T06:34:30Z">
      <class name="testcase.main.TestBaidu">
        <test-method status="PASS" signature="setup()[pri:0, instance:testcase.main.TestBaidu@28feb3fa]" name="setup" is-config="true" duration-ms="7965" started-at="2017-10-10T14:34:12Z" finished-at="2017-10-10T14:34:20Z">
          <reporter-output>
            <line>
              <![CDATA[<font color='blue'>Tue Oct 10 14:34:12 CST 2017-- log: </font>]]>
            </line>
            <line>
              <![CDATA[<font color='green'>TestBaidu</font>]]>
            </line>
            <line>
              <![CDATA[<br>]]>
            </line>
            <line>
              <![CDATA[<font color='red'><-------------------Running Script: class testcase.main.TestBaidu-------------------></font>]]>
            </line>
            <line>
              <![CDATA[<br>]]>
            </line>
            <line>
              <![CDATA[<font color='blue'>Tue Oct 10 14:34:12 CST 2017-- log: </font>]]>
            </line>
            <line>
              <![CDATA[<font color='green'>Start ff browser...</font>]]>
            </line>
            <line>
              <![CDATA[<br>]]>
            </line>
            <line>
              <![CDATA[<font color='blue'>Tue Oct 10 14:34:12 CST 2017-- log: </font>]]>
            </line>
            <line>
              <![CDATA[<font color='green'>Environment:  https://www.baidu.com/</font>]]>
            </line>
            <line>
              <![CDATA[<br>]]>
            </line>
            <line>
              <![CDATA[<font color='blue'>Tue Oct 10 14:34:14 CST 2017-- log: </font>]]>
            </line>
            <line>
              <![CDATA[<font color='green'>Check url are available</font>]]>
            </line>
            <line>
              <![CDATA[<br>]]>
            </line>
            <line>
              <![CDATA[<font color='blue'>Tue Oct 10 14:34:14 CST 2017-- log: </font>]]>
            </line>
            <line>
              <![CDATA[<font color='green'>URL:https://www.baidu.com/</font>]]>
            </line>
            <line>
              <![CDATA[<br>]]>
            </line>
            <line>
              <![CDATA[<font color='blue'>Tue Oct 10 14:34:15 CST 2017-- log: </font>]]>
            </line>
            <line>
              <![CDATA[<font color='green'>Sleeping 5000ms</font>]]>
            </line>
            <line>
              <![CDATA[<br>]]>
            </line>
          </reporter-output>
        </test-method> <!-- setup -->
        <test-method status="PASS" signature="demoTest()[pri:0, instance:testcase.main.TestBaidu@28feb3fa]" name="demoTest" duration-ms="9997" started-at="2017-10-10T14:34:20Z" finished-at="2017-10-10T14:34:30Z">
          <reporter-output>
            <line>
              <![CDATA[<font color='blue'>Tue Oct 10 14:34:20 CST 2017-- log: </font>]]>
            </line>
            <line>
              <![CDATA[<font color='green'>open https://www.baidu.com/</font>]]>
            </line>
            <line>
              <![CDATA[<br>]]>
            </line>
            <line>
              <![CDATA[<font color='blue'>Tue Oct 10 14:34:20 CST 2017-- log: </font>]]>
            </line>
            <line>
              <![CDATA[<font color='green'>Type: accenture to field: [[FirefoxDriver: firefox on MAC (8dd6fbcc-82ff-734e-ae86-4035fab5c546)] -> id: kw]</font>]]>
            </line>
            <line>
              <![CDATA[<br>]]>
            </line>
            <line>
              <![CDATA[<font color='blue'>Tue Oct 10 14:34:22 CST 2017-- log: </font>]]>
            </line>
            <line>
              <![CDATA[<font color='green'>size 1</font>]]>
            </line>
            <line>
              <![CDATA[<br>]]>
            </line>
            <line>
              <![CDATA[<font color='blue'>Tue Oct 10 14:34:22 CST 2017-- log: </font>]]>
            </line>
            <line>
              <![CDATA[<font color='green'>click [[FirefoxDriver: firefox on MAC (8dd6fbcc-82ff-734e-ae86-4035fab5c546)] -> id: su]</font>]]>
            </line>
            <line>
              <![CDATA[<br>]]>
            </line>
            <line>
              <![CDATA[<font color='blue'>Tue Oct 10 14:34:28 CST 2017-- log: </font>]]>
            </line>
            <line>
              <![CDATA[<font color='green'>get text://div[@class='nums']</font>]]>
            </line>
            <line>
              <![CDATA[<br>]]>
            </line>
            <line>
              <![CDATA[<font color='blue'>Tue Oct 10 14:34:28 CST 2017-- log: </font>]]>
            </line>
            <line>
              <![CDATA[<font color='green'>Text:搜索工具
百度为您找到相关结果约2,280,000个</font>]]>
            </line>
            <line>
              <![CDATA[<br>]]>
            </line>
            <line>
              <![CDATA[<font color='blue'>Tue Oct 10 14:34:29 CST 2017-- log: </font>]]>
            </line>
            <line>
              <![CDATA[<font color='red'>VerifyCopy expected: 搜索工具
百度为您找到相关结果约2,280,000个 Actually: 搜索工具
百度为您找到相关结果约2,280,000个</font>]]>
            </line>
            <line>
              <![CDATA[<br>]]>
            </line>
            <line>
              <![CDATA[<font color='blue'>Tue Oct 10 14:34:29 CST 2017-- log: </font>]]>
            </line>
            <line>
              <![CDATA[<font color='green'>get text://div[@class='nums']</font>]]>
            </line>
            <line>
              <![CDATA[<br>]]>
            </line>
            <line>
              <![CDATA[<font color='blue'>Tue Oct 10 14:34:29 CST 2017-- log: </font>]]>
            </line>
            <line>
              <![CDATA[<font color='green'>get text://div[@class='nums']</font>]]>
            </line>
            <line>
              <![CDATA[<br>]]>
            </line>
            <line>
              <![CDATA[<font color='blue'>Tue Oct 10 14:34:29 CST 2017-- log: </font>]]>
            </line>
            <line>
              <![CDATA[<font color='green'>Text:搜索工具
百度为您找到相关结果约2,280,000个</font>]]>
            </line>
            <line>
              <![CDATA[<br>]]>
            </line>
            <line>
              <![CDATA[<font color='blue'>Tue Oct 10 14:34:30 CST 2017-- log: </font>]]>
            </line>
            <line>
              <![CDATA[<font color='red'>AssertEquals Expected: 搜索工具
百度为您找到相关结果约2,280,000个 Actually: 搜索工具
百度为您找到相关结果约2,280,000个</font>]]>
            </line>
            <line>
              <![CDATA[<br>]]>
            </line>
          </reporter-output>
        </test-method> <!-- demoTest -->
        <test-method status="PASS" signature="end()[pri:0, instance:testcase.main.TestBaidu@28feb3fa]" name="end" is-config="true" duration-ms="221" started-at="2017-10-10T14:34:30Z" finished-at="2017-10-10T14:34:30Z">
          <reporter-output>
            <line>
              <![CDATA[<font color='blue'>Tue Oct 10 14:34:30 CST 2017-- log: </font>]]>
            </line>
            <line>
              <![CDATA[<font color='green'>Close Browser</font>]]>
            </line>
            <line>
              <![CDATA[<br>]]>
            </line>
            <line>
              <![CDATA[<font color='red'><-------------------End-------------------></font>]]>
            </line>
            <line>
              <![CDATA[<br>]]>
            </line>
          </reporter-output>
        </test-method> <!-- end -->
      </class> <!-- testcase.main.TestBaidu -->
    </test> <!-- Default test -->
  </suite> <!-- Default suite -->
</testng-results>
