<?xml version="1.0" encoding="UTF-8"?>
<!-- Generated by org.testng.reporters.JUnitXMLReporter -->
<testsuite hostname="MC-CNJJ-WDP001L" ignored="0" name="profile" tests="1" failures="1" timestamp="16 Oct 2017 07:17:54 GMT" time="27.208" errors="0">
  <testcase name="demoTest" time="12.424" classname="testcase.main.TestBaidu">
    <failure type="java.lang.AssertionError" message="expected:&amp;lt;搜索工具
百度为您找到相关结果约2,330,000个&amp;gt; but was:&amp;lt;搜索工具
百度为您找到相关结果约2,370,000个&amp;gt;">
      <![CDATA[java.lang.AssertionError: expected:<搜索工具
百度为您找到相关结果约2,330,000个> but was:<搜索工具
百度为您找到相关结果约2,370,000个>
	at Configuration.SeleniumTest.verifyCopy(SeleniumTest.java:1905)
	at testcase.main.TestBaidu.demoTest(TestBaidu.java:31)
... Removed 27 stack frames]]>
    </failure>
  </testcase> <!-- demoTest -->
</testsuite> <!-- profile -->
